PARAMETERS:
cascadeDirName: mblbpclassifier-4
vecFile:trainingfaces_24-24.vec
numPos: 16000
bgFileName: negatives.txt
numNeg: 10000
numStages: 15
winSize: (24, 24)
maxWeakCount: 256
minHitRate: 0.995
numFeatures = 8464
16000 positive samples loaded.
start Num Stages：0
================= Training 0-stage ====================
current neg: 500: 5%  1
current neg: 1000: 10%  1
current neg: 1500: 15%  1
current neg: 2000: 20%  1
current neg: 2500: 25%  1
current neg: 3000: 30%  1
current neg: 3500: 35%  1
current neg: 4000: 40%  1
current neg: 4500: 45%  1
current neg: 5000: 50%  1
current neg: 5500: 55%  1
current neg: 6000: 60%  1
current neg: 6500: 65%  1
current neg: 7000: 70%  1
current neg: 7500: 75%  1
current neg: 8000: 80%  1
current neg: 8500: 85%  1
current neg: 9000: 90%  1
current neg: 9500: 95%  1
current neg: 10000: 100%  1
Total Test: 10000
NEG count : acceptanceRatio    10000 : 1
Precalculation time: 2.1667 seconds
+----+---------+---------+---------+---------+---------+
|  N |    HR   |    FA   |    AUC  | AUC inc | thesh   |
+----+---------+---------+---------+---------+---------+
|   1|   0.9955|   0.5907| 0.903673| 0.903673|-0.991357|
+----+---------+---------+---------+---------+---------+
|   2|  0.99525|   0.5167| 0.961538|0.0578649| -1.94765|
+----+---------+---------+---------+---------+---------+
|   3| 0.995062|   0.4099| 0.977094|0.0155561| -2.45721|
+----+---------+---------+---------+---------+---------+
|   4| 0.995062|   0.3262| 0.985806|0.00871171| -3.16164|
+----+---------+---------+---------+---------+---------+
|   5| 0.995062|   0.2278| 0.990776|0.00497019| -3.33391|
+----+---------+---------+---------+---------+---------+
|   6| 0.995062|   0.1957| 0.993119|0.00234326| -3.00868|
+----+---------+---------+---------+---------+---------+
|   7| 0.995062|   0.1749|  0.99464|0.00152104| -3.14944|
+----+---------+---------+---------+---------+---------+
|   8| 0.995062|   0.1431| 0.995716|0.00107521| -3.41639|
+----+---------+---------+---------+---------+---------+
===Training time: 2.02592 minutes
================= Training 1-stage ====================
current neg: 500: 5%  0.190259
current neg: 1000: 10%  0.186637
current neg: 1500: 15%  0.176845
current neg: 2000: 20%  0.169119
current neg: 2500: 25%  0.172236
current neg: 3000: 30%  0.177137
current neg: 3500: 35%  0.172643
current neg: 4000: 40%  0.176725
current neg: 4500: 45%  0.181708
current neg: 5000: 50%  0.186993
current neg: 5500: 55%  0.190674
current neg: 6000: 60%  0.195351
current neg: 6500: 65%  0.199423
current neg: 7000: 70%  0.200395
current neg: 7500: 75%  0.203683
current neg: 8000: 80%  0.206117
current neg: 8500: 85%  0.20865
current neg: 9000: 90%  0.210403
current neg: 9500: 95%  0.211643
current neg: 10000: 100%  0.206932
Total Test: 48325
NEG count : acceptanceRatio    10000 : 0.206932
Precalculation time: 2.63049 seconds
+----+---------+---------+---------+---------+---------+
|  N |    HR   |    FA   |    AUC  | AUC inc | thesh   |
+----+---------+---------+---------+---------+---------+
|   1| 0.995625|   0.8252| 0.848803| 0.848803|-0.990128|
+----+---------+---------+---------+---------+---------+
|   2| 0.995062|   0.8059| 0.905459|0.0566558| -1.89062|
+----+---------+---------+---------+---------+---------+
|   3|  0.99525|   0.7781|  0.93354|0.0280816|  -2.1969|
+----+---------+---------+---------+---------+---------+
|   4| 0.995062|   0.7102| 0.951929| 0.018389| -2.50686|
+----+---------+---------+---------+---------+---------+
|   5| 0.995062|   0.6297| 0.963532|0.0116028| -2.84293|
+----+---------+---------+---------+---------+---------+
|   6| 0.995062|   0.6022| 0.971118|0.00758613| -3.03482|
+----+---------+---------+---------+---------+---------+
|   7| 0.995062|   0.5319| 0.977058|0.00594007|  -2.9874|
+----+---------+---------+---------+---------+---------+
|   8| 0.995062|   0.4782| 0.980981|0.0039225|  -3.0567|
+----+---------+---------+---------+---------+---------+
|   9| 0.995062|   0.4199| 0.984355|0.00337474|  -3.0289|
+----+---------+---------+---------+---------+---------+
|  10| 0.995062|    0.351| 0.987132|0.00277656|  -2.9294|
+----+---------+---------+---------+---------+---------+
|  11| 0.995062|   0.3225| 0.989234|0.00210164|  -3.1521|
+----+---------+---------+---------+---------+---------+
|  12| 0.995062|   0.2732| 0.990866|0.00163243| -3.37831|
+----+---------+---------+---------+---------+---------+
|  13| 0.995062|   0.2642| 0.992193|0.00132665| -3.67292|
+----+---------+---------+---------+---------+---------+
|  14| 0.995062|   0.2223| 0.993314|0.00112154| -3.68763|
+----+---------+---------+---------+---------+---------+
|  15| 0.995062|   0.1973| 0.994275|0.000961181| -3.50922|
+----+---------+---------+---------+---------+---------+
|  16| 0.995062|   0.1737| 0.995133|0.000857831| -3.34443|
+----+---------+---------+---------+---------+---------+
===Training time: 4.35402 minutes
================= Training 2-stage ====================
current neg: 500: 5%  0.0344661
current neg: 1000: 10%  0.0340832
current neg: 1500: 15%  0.0337261
current neg: 2000: 20%  0.0340721
current neg: 2500: 25%  0.0343016
current neg: 3000: 30%  0.0338356
current neg: 3500: 35%  0.0329241
current neg: 4000: 40%  0.0332566
current neg: 4500: 45%  0.0334153
current neg: 5000: 50%  0.0337216
current neg: 5500: 55%  0.0336921
current neg: 6000: 60%  0.0340001
current neg: 6500: 65%  0.033911
current neg: 7000: 70%  0.0338773
current neg: 7500: 75%  0.0341311
current neg: 8000: 80%  0.0340824
current neg: 8500: 85%  0.0340391
current neg: 9000: 90%  0.0339726
current neg: 9500: 95%  0.0341318
current neg: 10000: 100%  0.0341597
Total Test: 292743
NEG count : acceptanceRatio    10000 : 0.0341597
Precalculation time: 11.9459 seconds
+----+---------+---------+---------+---------+---------+
|  N |    HR   |    FA   |    AUC  | AUC inc | thesh   |
+----+---------+---------+---------+---------+---------+
|   1|   0.9955|   0.9385| 0.792963| 0.792963|-0.893778|
+----+---------+---------+---------+---------+---------+
|   2| 0.995062|   0.8667|   0.8671|0.0741377| -1.73338|
+----+---------+---------+---------+---------+---------+
|   3| 0.995313|   0.8216| 0.903085|0.0359843| -2.24379|
+----+---------+---------+---------+---------+---------+
|   4| 0.995062|    0.763| 0.926391|0.0233063| -2.56602|
+----+---------+---------+---------+---------+---------+
|   5| 0.995062|   0.7264| 0.941326|0.0149349| -2.78324|
+----+---------+---------+---------+---------+---------+
|   6| 0.995062|   0.6723| 0.951402| 0.010076| -2.99855|
+----+---------+---------+---------+---------+---------+
|   7| 0.995062|   0.6208|  0.95943|0.00802859| -2.98958|
+----+---------+---------+---------+---------+---------+
|   8| 0.995062|   0.5782| 0.965403|0.00597259| -3.25955|
+----+---------+---------+---------+---------+---------+
|   9| 0.995062|   0.5334|  0.97056|0.00515679| -3.04875|
+----+---------+---------+---------+---------+---------+
|  10| 0.995062|   0.4944| 0.974579|0.00401881| -3.18973|
+----+---------+---------+---------+---------+---------+
|  11| 0.995062|   0.4749| 0.977979|0.00340066| -3.36523|
+----+---------+---------+---------+---------+---------+
|  12| 0.995062|   0.4411| 0.980838|0.00285832| -3.43235|
+----+---------+---------+---------+---------+---------+
|  13| 0.995062|   0.4168| 0.983293|0.00245523| -3.53307|
+----+---------+---------+---------+---------+---------+
|  14| 0.995062|   0.3782| 0.985434|0.0021416| -3.55704|
+----+---------+---------+---------+---------+---------+
|  15| 0.995062|   0.3512| 0.987293|0.00185879| -3.44102|
+----+---------+---------+---------+---------+---------+
|  16| 0.995062|    0.309|   0.9888| 0.001507| -3.24322|
+----+---------+---------+---------+---------+---------+
|  17| 0.995062|   0.2929| 0.990126|0.00132556| -3.07565|
+----+---------+---------+---------+---------+---------+
|  18| 0.995062|   0.2598| 0.991357|0.00123145| -2.85959|
+----+---------+---------+---------+---------+---------+
|  19| 0.995062|   0.2453| 0.992352|0.000994519| -2.79494|
+----+---------+---------+---------+---------+---------+
|  20| 0.995062|   0.2344| 0.993219|0.000867525| -2.93175|
+----+---------+---------+---------+---------+---------+
|  21| 0.995062|   0.2038| 0.993994|0.000775075| -2.62176|
+----+---------+---------+---------+---------+---------+
|  22| 0.995062|   0.1807| 0.994715|0.000721056| -2.65559|
+----+---------+---------+---------+---------+---------+
|  23| 0.995062|   0.1687| 0.995339|0.000623137| -2.82423|
+----+---------+---------+---------+---------+---------+
|  24| 0.995062|   0.1514| 0.995889|0.000550944| -2.99548|
+----+---------+---------+---------+---------+---------+
|  25| 0.995062|   0.1317| 0.996387|0.000497669| -2.60829|
+----+---------+---------+---------+---------+---------+
|  26| 0.995062|   0.1169| 0.996803|0.000415494| -2.45442|
+----+---------+---------+---------+---------+---------+
|  27| 0.995062|   0.1043| 0.997177|0.00037475|  -2.4905|
+----+---------+---------+---------+---------+---------+
|  28| 0.995062|   0.0997| 0.997523|0.000345894| -2.53663|
+----+---------+---------+---------+---------+---------+
|  29| 0.995062|   0.0898| 0.997816|0.000292894| -2.45984|
+----+---------+---------+---------+---------+---------+
|  30| 0.995062|   0.0807| 0.998065|0.000249275| -2.61252|
+----+---------+---------+---------+---------+---------+
|  31| 0.995062|   0.0734| 0.998311|0.000245169| -2.43665|
+----+---------+---------+---------+---------+---------+
|  32| 0.995062|   0.0689| 0.998517|0.000206794| -2.19729|
+----+---------+---------+---------+---------+---------+
===Training time: 8.90886 minutes
================= Training 3-stage ====================
current neg: 500: 5%  0.00388407
current neg: 1000: 10%  0.00363814
current neg: 1500: 15%  0.00349522
current neg: 2000: 20%  0.00349232
current neg: 2500: 25%  0.00358079
current neg: 3000: 30%  0.00345996
current neg: 3500: 35%  0.00343355
current neg: 4000: 40%  0.00340854
current neg: 4500: 45%  0.00340498
current neg: 5000: 50%  0.0033905
current neg: 5500: 55%  0.0033992
current neg: 6000: 60%  0.00338373
current neg: 6500: 65%  0.00339906
current neg: 7000: 70%  0.00339519
current neg: 7500: 75%  0.00341174
current neg: 8000: 80%  0.00340926
current neg: 8500: 85%  0.00339049
current neg: 9000: 90%  0.00338684
current neg: 9500: 95%  0.00338143
current neg: 10000: 100%  0.00337029
Total Test: 2967107
NEG count : acceptanceRatio    10000 : 0.00337029
Precalculation time: 1.45422 minutes
+----+---------+---------+---------+---------+---------+
|  N |    HR   |    FA   |    AUC  | AUC inc | thesh   |
+----+---------+---------+---------+---------+---------+
|   1| 0.997938|   0.9624| 0.751389| 0.751389|-0.924812|
+----+---------+---------+---------+---------+---------+
|   2| 0.995125|    0.924| 0.819107| 0.067718| -1.45191|
+----+---------+---------+---------+---------+---------+
|   3| 0.995062|   0.8984| 0.858816|0.0397087| -1.88246|
+----+---------+---------+---------+---------+---------+
|   4| 0.995062|   0.8796| 0.883675|0.0248596| -2.09226|
+----+---------+---------+---------+---------+---------+
|   5| 0.995062|   0.8543|  0.90278|0.0191051| -2.43652|
+----+---------+---------+---------+---------+---------+
|   6| 0.995062|    0.851| 0.917623| 0.014843| -2.65982|
+----+---------+---------+---------+---------+---------+
|   7| 0.995062|   0.8149| 0.928463|0.0108398| -2.61836|
+----+---------+---------+---------+---------+---------+
|   8| 0.995062|   0.7612| 0.937421|0.00895796| -2.70845|
+----+---------+---------+---------+---------+---------+
|   9| 0.995062|   0.7364| 0.944867|0.00744612| -2.85042|
+----+---------+---------+---------+---------+---------+
|  10| 0.995062|   0.7224| 0.951192|0.00632441| -2.91447|
+----+---------+---------+---------+---------+---------+
|  11| 0.995062|   0.6965| 0.956481|0.00528937| -2.73497|
+----+---------+---------+---------+---------+---------+
|  12| 0.995062|   0.6871| 0.961057|0.00457644| -2.95791|
+----+---------+---------+---------+---------+---------+
|  13| 0.995062|   0.6463| 0.965282|0.00422414| -2.79828|
+----+---------+---------+---------+---------+---------+
|  14| 0.995062|   0.5962| 0.968722|0.0034403| -2.96583|
+----+---------+---------+---------+---------+---------+
|  15| 0.995062|   0.5564| 0.971791|0.00306866| -3.00528|
+----+---------+---------+---------+---------+---------+
|  16| 0.995062|   0.5269| 0.974509|0.00271856| -3.23175|
+----+---------+---------+---------+---------+---------+
|  17| 0.995062|   0.5187| 0.977068|0.00255861| -3.12911|
+----+---------+---------+---------+---------+---------+
|  18| 0.995062|   0.4965| 0.979272|0.00220414| -3.16482|
+----+---------+---------+---------+---------+---------+
|  19| 0.995062|   0.4642| 0.981257|0.00198508| -3.17821|
+----+---------+---------+---------+---------+---------+
|  20| 0.995062|   0.4283| 0.983086|0.00182946| -3.27542|
+----+---------+---------+---------+---------+---------+
|  21| 0.995062|   0.3998| 0.984643|0.00155652| -3.35436|
+----+---------+---------+---------+---------+---------+
|  22| 0.995062|   0.3763| 0.986088|0.00144534| -3.17903|
+----+---------+---------+---------+---------+---------+
|  23| 0.995062|   0.3421| 0.987355|0.00126656|  -3.0072|
+----+---------+---------+---------+---------+---------+
|  24| 0.995062|   0.3315| 0.988456|0.00110108| -2.90726|
+----+---------+---------+---------+---------+---------+
|  25| 0.995062|   0.2978|  0.98952|0.00106376| -3.05197|
+----+---------+---------+---------+---------+---------+
|  26| 0.995062|   0.2786| 0.990448|0.000928744| -2.90028|
+----+---------+---------+---------+---------+---------+
|  27| 0.995062|   0.2659| 0.991307|0.000858769|  -2.9506|
+----+---------+---------+---------+---------+---------+
|  28| 0.995062|   0.2416| 0.992093|0.000785388| -2.76378|
+----+---------+---------+---------+---------+---------+
|  29| 0.995062|    0.232| 0.992785|0.000692956| -2.99271|
+----+---------+---------+---------+---------+---------+
|  30| 0.995062|   0.2173| 0.993422|0.000636544| -2.81624|
+----+---------+---------+---------+---------+---------+
|  31| 0.995062|   0.2026| 0.993997|0.00057525| -2.74749|
+----+---------+---------+---------+---------+---------+
|  32| 0.995062|   0.1939| 0.994525|0.000528075| -2.82365|
+----+---------+---------+---------+---------+---------+
|  33| 0.995062|     0.17| 0.995011|0.000485381| -2.56227|
+----+---------+---------+---------+---------+---------+
|  34| 0.995062|   0.1622|  0.99545|0.000439481|   -2.541|
+----+---------+---------+---------+---------+---------+
|  35| 0.995062|   0.1564| 0.995852|0.000401956| -2.62057|
+----+---------+---------+---------+---------+---------+
|  36| 0.995062|   0.1437| 0.996207|0.000355188| -2.66348|
+----+---------+---------+---------+---------+---------+
|  37| 0.995062|   0.1357| 0.996542|0.000334219| -2.57412|
+----+---------+---------+---------+---------+---------+
|  38| 0.995062|   0.1235| 0.996861|0.00031905|    -2.41|
+----+---------+---------+---------+---------+---------+
|  39| 0.995062|   0.1088| 0.997166|0.000305862| -2.35559|
+----+---------+---------+---------+---------+---------+
|  40| 0.995062|   0.0992| 0.997431|0.000264094|  -2.2735|
+----+---------+---------+---------+---------+---------+
|  41| 0.995062|   0.0964| 0.997672|0.000241006| -2.18003|
+----+---------+---------+---------+---------+---------+
|  42| 0.995062|   0.0829| 0.997891|0.000219644| -2.26226|
+----+---------+---------+---------+---------+---------+
|  43| 0.995062|   0.0752| 0.998102|0.000210763| -2.29495|
+----+---------+---------+---------+---------+---------+
|  44| 0.995062|   0.0718| 0.998291|0.000188762| -2.14254|
+----+---------+---------+---------+---------+---------+
|  45| 0.995062|   0.0661| 0.998454|0.000163456| -2.23679|
+----+---------+---------+---------+---------+---------+
|  46| 0.995062|   0.0617| 0.998611|0.000157175| -2.07163|
+----+---------+---------+---------+---------+---------+
|  47| 0.995062|   0.0553| 0.998751|0.000139238|   -1.873|
+----+---------+---------+---------+---------+---------+
|  48| 0.995062|   0.0545| 0.998884|0.000133563| -1.64409|
+----+---------+---------+---------+---------+---------+
|  49| 0.995062|   0.0483| 0.999003|0.000118431| -1.69184|
+----+---------+---------+---------+---------+---------+
|  50| 0.995062|   0.0447|  0.99912|0.0001169| -1.72956|
+----+---------+---------+---------+---------+---------+
|  51| 0.995062|   0.0375| 0.999222|0.000102975| -1.49137|
+----+---------+---------+---------+---------+---------+
|  52| 0.995062|   0.0362| 0.999313|9.09687e-05| -1.74352|
+----+---------+---------+---------+---------+---------+
|  53| 0.995062|   0.0323| 0.999398|8.46813e-05| -1.71617|
+----+---------+---------+---------+---------+---------+
|  54| 0.995062|   0.0283| 0.999477|7.85438e-05| -1.38549|
+----+---------+---------+---------+---------+---------+
|  55| 0.995062|   0.0242| 0.999543|6.66687e-05| -1.36643|
+----+---------+---------+---------+---------+---------+
|  56| 0.995062|    0.021| 0.999604|6.075e-05|  -1.7056|
+----+---------+---------+---------+---------+---------+
|  57| 0.995062|   0.0179| 0.999661|5.71688e-05| -1.59452|
+----+---------+---------+---------+---------+---------+
|  58| 0.995062|   0.0166| 0.999712|5.10938e-05| -1.70701|
+----+---------+---------+---------+---------+---------+
|  59| 0.995062|    0.015|  0.99976|4.76437e-05| -1.52025|
+----+---------+---------+---------+---------+---------+
|  60| 0.995062|   0.0116| 0.999804|4.43812e-05| -1.36456|
+----+---------+---------+---------+---------+---------+
===Training time: 16.376 minutes
================= Training 4-stage ====================
current neg: 500: 5%  0.000175426
current neg: 1000: 10%  0.000170517
current neg: 1500: 15%  0.000171444
current neg: 2000: 20%  0.000170632
current neg: 2500: 25%  0.000171753
current neg: 3000: 30%  0.000171673
current neg: 3500: 35%  0.000170827
current neg: 4000: 40%  0.000172272
current neg: 4500: 45%  0.000172456
current neg: 5000: 50%  0.000172441
current neg: 5500: 55%  0.000172304
current neg: 6000: 60%  0.000172085
current neg: 6500: 65%  0.000171214
current neg: 7000: 70%  0.000171625
current neg: 7500: 75%  0.000171357
current neg: 8000: 80%  0.000171414
current neg: 8500: 85%  0.000171574
current neg: 9000: 90%  0.000171484
current neg: 9500: 95%  0.000170745
current neg: 10000: 100%  0.000169871
Total Test: 58868213
NEG count : acceptanceRatio    10000 : 0.000169871
Precalculation time: 7.1494 minutes
+----+---------+---------+---------+---------+---------+
|  N |    HR   |    FA   |    AUC  | AUC inc | thesh   |
+----+---------+---------+---------+---------+---------+
|   1|  0.99525|   0.9561| 0.741259| 0.741259|-0.953052|
+----+---------+---------+---------+---------+---------+
|   2| 0.995125|   0.9274| 0.794211|0.0529519|   -1.518|
+----+---------+---------+---------+---------+---------+
|   3| 0.995062|   0.9245| 0.835458|0.0412466| -1.72647|
+----+---------+---------+---------+---------+---------+
|   4| 0.995062|   0.9027| 0.862018|0.0265601|  -2.1253|
+----+---------+---------+---------+---------+---------+
|   5| 0.995062|    0.886| 0.880997|0.0189791| -2.35098|
+----+---------+---------+---------+---------+---------+
|   6| 0.995062|   0.8641| 0.894929| 0.013932| -2.63826|
+----+---------+---------+---------+---------+---------+
|   7| 0.995062|   0.8516| 0.906479|0.0115506| -2.60203|
+----+---------+---------+---------+---------+---------+
|   8| 0.995062|   0.8221| 0.916064|0.00958434| -2.77876|
+----+---------+---------+---------+---------+---------+
|   9| 0.995062|   0.8194| 0.924271|0.00820712| -2.91813|
+----+---------+---------+---------+---------+---------+
|  10| 0.995062|   0.7946| 0.931409|0.00713809| -2.93127|
+----+---------+---------+---------+---------+---------+
|  11| 0.995062|   0.7642| 0.937821|0.00641182| -2.87252|
+----+---------+---------+---------+---------+---------+
|  12| 0.995062|   0.7486| 0.943252|0.00543169| -3.38873|
+----+---------+---------+---------+---------+---------+
|  13| 0.995062|   0.7216| 0.948024|0.00477194| -3.34859|
+----+---------+---------+---------+---------+---------+
|  14| 0.995062|    0.694| 0.952249|0.00422419| -3.09939|
+----+---------+---------+---------+---------+---------+
|  15| 0.995062|   0.6866| 0.956327|0.00407822| -3.24714|
+----+---------+---------+---------+---------+---------+
|  16| 0.995062|   0.6597| 0.959747|0.00342018| -3.32441|
+----+---------+---------+---------+---------+---------+
|  17| 0.995062|   0.6378| 0.962859|0.00311189| -3.41879|
+----+---------+---------+---------+---------+---------+
|  18| 0.995062|   0.6012| 0.965557|0.00269824| -3.01172|
+----+---------+---------+---------+---------+---------+
|  19| 0.995062|   0.5965| 0.968137|0.00258011| -3.06408|
+----+---------+---------+---------+---------+---------+
|  20| 0.995062|   0.5752|  0.97052|0.00238273|  -3.1312|
+----+---------+---------+---------+---------+---------+
|  21| 0.995062|    0.548| 0.972616|0.00209559| -3.15802|
+----+---------+---------+---------+---------+---------+
|  22| 0.995062|   0.5413| 0.974569|0.00195324|  -3.0997|
+----+---------+---------+---------+---------+---------+
|  23| 0.995062|   0.5059| 0.976303|0.00173402| -3.02895|
+----+---------+---------+---------+---------+---------+
|  24| 0.995062|    0.509| 0.977951|0.00164836| -3.06802|
+----+---------+---------+---------+---------+---------+
|  25| 0.995062|   0.4839| 0.979459|0.00150824| -3.02342|
+----+---------+---------+---------+---------+---------+
|  26| 0.995062|   0.4634|  0.98086|0.00140078|  -3.0802|
+----+---------+---------+---------+---------+---------+
|  27| 0.995062|   0.4359| 0.982177|0.00131694| -3.05089|
+----+---------+---------+---------+---------+---------+
|  28| 0.995062|   0.4139| 0.983329|0.00115219| -2.96455|
+----+---------+---------+---------+---------+---------+
|  29| 0.995062|   0.3969| 0.984407|0.00107727| -3.07531|
+----+---------+---------+---------+---------+---------+
|  30| 0.995062|   0.3694| 0.985444|0.00103771| -3.04609|
+----+---------+---------+---------+---------+---------+
|  31| 0.995062|    0.366| 0.986379|0.000934275|  -2.8392|
+----+---------+---------+---------+---------+---------+
|  32| 0.995062|   0.3373| 0.987285|0.000906119| -2.79954|
+----+---------+---------+---------+---------+---------+
|  33| 0.995062|    0.322| 0.988135|0.000850594| -2.75607|
+----+---------+---------+---------+---------+---------+
|  34| 0.995062|   0.3109| 0.988956|0.000820375| -2.82914|
+----+---------+---------+---------+---------+---------+
|  35| 0.995062|   0.3011| 0.989679|0.000722881| -2.78998|
+----+---------+---------+---------+---------+---------+
|  36| 0.995062|    0.293| 0.990377|0.000698313| -2.65597|
+----+---------+---------+---------+---------+---------+
|  37| 0.995062|   0.2769| 0.991027|0.000650463| -2.37319|
+----+---------+---------+---------+---------+---------+
|  38| 0.995062|   0.2621| 0.991625|0.000597381| -2.58346|
+----+---------+---------+---------+---------+---------+
|  39| 0.995062|   0.2516| 0.992186|0.000561275| -2.56998|
+----+---------+---------+---------+---------+---------+
|  40| 0.995062|   0.2334| 0.992745|0.000559306| -2.51898|
+----+---------+---------+---------+---------+---------+
|  41| 0.995062|   0.2128| 0.993271|0.00052565| -2.47249|
+----+---------+---------+---------+---------+---------+
|  42| 0.995062|   0.2043| 0.993741|0.000469863| -2.51551|
+----+---------+---------+---------+---------+---------+
|  43| 0.995062|   0.1966| 0.994175|0.000434338| -2.64988|
+----+---------+---------+---------+---------+---------+
|  44| 0.995062|   0.1851| 0.994602|0.000427294| -2.61441|
+----+---------+---------+---------+---------+---------+
|  45| 0.995062|   0.1776| 0.994984|0.000381462| -2.36705|
+----+---------+---------+---------+---------+---------+
|  46| 0.995062|   0.1618| 0.995344|0.000360625| -2.12611|
+----+---------+---------+---------+---------+---------+
|  47| 0.995062|   0.1485| 0.995679|0.000334806| -1.99856|
+----+---------+---------+---------+---------+---------+
|  48| 0.995062|   0.1438| 0.995992|0.000312519| -1.92684|
+----+---------+---------+---------+---------+---------+
|  49| 0.995062|   0.1423| 0.996302|0.000310375| -2.02654|
+----+---------+---------+---------+---------+---------+
|  50| 0.995062|   0.1354| 0.996569|0.000267044|  -2.1834|
+----+---------+---------+---------+---------+---------+
|  51| 0.995062|   0.1249| 0.996821|0.000252012| -2.34466|
+----+---------+---------+---------+---------+---------+
|  52| 0.995062|   0.1139| 0.997059|0.000237525| -2.11775|
+----+---------+---------+---------+---------+---------+
|  53| 0.995062|   0.1119| 0.997285|0.000225881| -2.24559|
+----+---------+---------+---------+---------+---------+
|  54| 0.995062|    0.105| 0.997505|0.000220094| -2.00659|
+----+---------+---------+---------+---------+---------+
|  55| 0.995062|   0.0958| 0.997705|0.000200125| -1.85679|
+----+---------+---------+---------+---------+---------+
|  56| 0.995062|   0.0914| 0.997885|0.0001805| -1.92746|
+----+---------+---------+---------+---------+---------+
|  57| 0.995062|    0.086| 0.998054|0.000168306| -1.75088|
+----+---------+---------+---------+---------+---------+
|  58| 0.995062|   0.0806| 0.998215|0.000161213| -1.82937|
+----+---------+---------+---------+---------+---------+
|  59| 0.995062|   0.0741| 0.998363|0.0001481|  -2.1255|
+----+---------+---------+---------+---------+---------+
|  60| 0.995062|    0.069| 0.998502|0.000139131| -2.13358|
+----+---------+---------+---------+---------+---------+
===Training time: 16.7579 minutes
================= Training 5-stage ====================
current neg: 500: 5%  2.12133e-05
current neg: 1000: 10%  2.15969e-05
current neg: 1500: 15%  2.09992e-05
current neg: 2000: 20%  2.11271e-05
current neg: 2500: 25%  2.13717e-05
current neg: 3000: 30%  2.16085e-05
current neg: 3500: 35%  2.12844e-05
current neg: 4000: 40%  2.13153e-05
current neg: 4500: 45%  2.14308e-05
current neg: 5000: 50%  2.15243e-05
current neg: 5500: 55%  2.16059e-05
current neg: 6000: 60%  2.15698e-05
current neg: 6500: 65%  2.15125e-05
current neg: 7000: 70%  2.15721e-05
current neg: 7500: 75%  2.16154e-05
current neg: 8000: 80%  2.16144e-05
current neg: 8500: 85%  2.16566e-05
current neg: 9000: 90%  2.16371e-05
current neg: 9500: 95%  2.1568e-05
current neg: 10000: 100%  2.15736e-05
Total Test: 463528648
NEG count : acceptanceRatio    10000 : 2.15736e-05
Precalculation time: 56.691 minutes
+----+---------+---------+---------+---------+---------+
|  N |    HR   |    FA   |    AUC  | AUC inc | thesh   |
+----+---------+---------+---------+---------+---------+
|   1|  0.99525|   0.9718| 0.712878| 0.712878| -0.81685|
+----+---------+---------+---------+---------+---------+
|   2| 0.995062|   0.9449| 0.766818|0.0539402| -1.35421|
+----+---------+---------+---------+---------+---------+
|   3| 0.995062|   0.9273| 0.803313|0.0364948| -1.60767|
+----+---------+---------+---------+---------+---------+
|   4| 0.995062|   0.9225| 0.831177|0.0278637| -1.81235|
+----+---------+---------+---------+---------+---------+
|   5| 0.995062|   0.9104| 0.851282|0.0201046| -2.00959|
+----+---------+---------+---------+---------+---------+
|   6| 0.995062|   0.8988| 0.867153|0.0158716| -2.41531|
+----+---------+---------+---------+---------+---------+
|   7| 0.995062|   0.8815| 0.880796|0.0136429|  -2.4986|
+----+---------+---------+---------+---------+---------+
|   8| 0.995062|   0.8669| 0.891278|0.0104819| -2.63435|
+----+---------+---------+---------+---------+---------+
|   9| 0.995062|   0.8598|  0.90044|0.00916189| -2.72006|
+----+---------+---------+---------+---------+---------+
|  10| 0.995062|   0.8371| 0.908568|0.00812784| -2.67923|
+----+---------+---------+---------+---------+---------+
|  11| 0.995062|   0.8234|  0.91578|0.00721185|   -2.727|
+----+---------+---------+---------+---------+---------+
|  12| 0.995062|   0.8051| 0.922078|0.00629866| -2.87192|
+----+---------+---------+---------+---------+---------+
|  13| 0.995062|   0.7849|  0.92778|0.00570143| -2.95353|
+----+---------+---------+---------+---------+---------+
|  14| 0.995062|   0.7655| 0.932847|0.00506771| -2.83936|
+----+---------+---------+---------+---------+---------+
|  15| 0.995062|   0.7512| 0.937462|0.00461468| -2.95146|
+----+---------+---------+---------+---------+---------+
|  16| 0.995062|   0.7408| 0.941712|0.00424978| -2.65458|
+----+---------+---------+---------+---------+---------+
|  17| 0.995062|   0.7207| 0.945515|0.00380364| -2.67757|
+----+---------+---------+---------+---------+---------+
|  18| 0.995062|    0.718| 0.948959|0.00344354| -2.88981|
+----+---------+---------+---------+---------+---------+
|  19| 0.995062|   0.7106| 0.952184|0.0032254| -2.87972|
+----+---------+---------+---------+---------+---------+
|  20| 0.995062|   0.6929| 0.955171|0.00298655| -2.64394|
+----+---------+---------+---------+---------+---------+
|  21| 0.995062|   0.6681| 0.957969|0.00279796| -2.79443|
+----+---------+---------+---------+---------+---------+
|  22| 0.995062|   0.6536| 0.960551|0.00258159| -2.69505|
+----+---------+---------+---------+---------+---------+
|  23| 0.995062|    0.646| 0.962866|0.00231586| -2.66418|
+----+---------+---------+---------+---------+---------+
|  24| 0.995062|   0.6314|  0.96508|0.00221342| -2.73066|
+----+---------+---------+---------+---------+---------+
|  25| 0.995062|   0.6096| 0.967201|0.00212101| -2.77119|
+----+---------+---------+---------+---------+---------+
|  26| 0.995062|   0.5788| 0.969197|0.00199598| -2.61668|
+----+---------+---------+---------+---------+---------+
|  27| 0.995062|   0.5552| 0.971108|0.00191168| -2.65691|
+----+---------+---------+---------+---------+---------+
|  28| 0.995062|   0.5454| 0.972852|0.0017434| -2.65429|
+----+---------+---------+---------+---------+---------+
|  29| 0.995062|   0.5331| 0.974449|0.00159672| -2.84739|
+----+---------+---------+---------+---------+---------+
|  30| 0.995062|   0.5131| 0.975887|0.00143816| -2.68214|
+----+---------+---------+---------+---------+---------+
|  31| 0.995062|   0.4896| 0.977245|0.00135837| -2.67658|
+----+---------+---------+---------+---------+---------+
|  32| 0.995062|   0.4716| 0.978612|0.00136739| -2.91424|
+----+---------+---------+---------+---------+---------+
|  33| 0.995062|   0.4716| 0.979799|0.00118609| -3.06498|
+----+---------+---------+---------+---------+---------+
|  34| 0.995062|    0.446|  0.98093|0.00113158| -3.02902|
+----+---------+---------+---------+---------+---------+
|  35| 0.995062|    0.445| 0.982016|0.00108629| -3.06744|
+----+---------+---------+---------+---------+---------+
|  36| 0.995062|   0.4235| 0.983045|0.00102843| -3.10005|
+----+---------+---------+---------+---------+---------+
|  37| 0.995062|   0.3985| 0.984038|0.000992962| -3.08139|
+----+---------+---------+---------+---------+---------+
|  38| 0.995062|     0.39| 0.984919|0.000880994| -3.24251|
+----+---------+---------+---------+---------+---------+
|  39| 0.995062|    0.357| 0.985758|0.000839306| -3.25847|
+----+---------+---------+---------+---------+---------+
|  40| 0.995062|   0.3426| 0.986544|0.000786244| -3.28457|
+----+---------+---------+---------+---------+---------+
|  41| 0.995062|   0.3273| 0.987293|0.000748475| -2.98922|
+----+---------+---------+---------+---------+---------+
|  42| 0.995062|   0.3222| 0.988024|0.000730812| -2.90512|
+----+---------+---------+---------+---------+---------+
|  43| 0.995062|    0.298| 0.988698|0.000674788| -2.64276|
+----+---------+---------+---------+---------+---------+
|  44| 0.995062|   0.2887| 0.989367|0.000668756| -2.75675|
+----+---------+---------+---------+---------+---------+
|  45| 0.995062|   0.2847| 0.989987|0.00061995| -2.84307|
+----+---------+---------+---------+---------+---------+
|  46| 0.995062|   0.2732| 0.990569|0.000582056| -2.81778|
+----+---------+---------+---------+---------+---------+
|  47| 0.995062|   0.2556| 0.991125|0.000555812| -2.61244|
+----+---------+---------+---------+---------+---------+
|  48| 0.995062|   0.2469| 0.991638|0.000513294| -2.68774|
+----+---------+---------+---------+---------+---------+
|  49| 0.995062|   0.2394| 0.992115|0.000476906| -2.57493|
+----+---------+---------+---------+---------+---------+
|  50| 0.995062|   0.2374|  0.99259|0.0004745| -2.53856|
+----+---------+---------+---------+---------+---------+
|  51| 0.995062|   0.2229| 0.993032|0.000442625| -2.41596|
+----+---------+---------+---------+---------+---------+
|  52| 0.995062|   0.2206|  0.99348|0.000447244| -2.25406|
+----+---------+---------+---------+---------+---------+
|  53| 0.995062|   0.2076| 0.993896|0.000416137| -2.50319|
+----+---------+---------+---------+---------+---------+
|  54| 0.995062|   0.1998| 0.994264|0.000368738| -2.41236|
+----+---------+---------+---------+---------+---------+
|  55| 0.995062|   0.1863|  0.99463|0.000365925| -2.14887|
+----+---------+---------+---------+---------+---------+
|  56| 0.995062|   0.1788| 0.994958|0.000327106| -2.08677|
+----+---------+---------+---------+---------+---------+
|  57| 0.995062|   0.1613|  0.99528|0.000322288| -2.07059|
+----+---------+---------+---------+---------+---------+
|  58| 0.995062|   0.1537| 0.995578|0.000298512| -2.55669|
+----+---------+---------+---------+---------+---------+
|  59| 0.995062|     0.15| 0.995862|0.000283631| -2.36982|
+----+---------+---------+---------+---------+---------+
|  60| 0.995062|   0.1352| 0.996122|0.000260094| -2.17505|
+----+---------+---------+---------+---------+---------+
===Training time: 16.5337 minutes
================= Training 6-stage ====================
current neg: 500: 5%  4.04647e-06
current neg: 1000: 10%  4.143e-06
current neg: 1500: 15%  4.14222e-06
current neg: 2000: 20%  4.19471e-06
current neg: 2500: 25%  4.19557e-06
current neg: 3000: 30%  4.22152e-06
current neg: 3500: 35%  4.23288e-06
current neg: 4000: 40%  4.28927e-06
current neg: 4500: 45%  4.31303e-06
current neg: 5000: 50%  4.30272e-06
current neg: 5500: 55%  4.31885e-06
current neg: 6000: 60%  4.31533e-06
current neg: 6500: 65%  4.31519e-06
current neg: 7000: 70%  4.31301e-06
current neg: 7500: 75%  4.30952e-06
current neg: 8000: 80%  4.30664e-06
current neg: 8500: 85%  4.28956e-06
current neg: 9000: 90%  4.26999e-06
current neg: 9500: 95%  4.27484e-06
current neg: 10000: 100%  4.27379e-06
Total Test: 2339844965
NEG count : acceptanceRatio    10000 : 4.27379e-06
Precalculation time: 1.65106 hours
+----+---------+---------+---------+---------+---------+
|  N |    HR   |    FA   |    AUC  | AUC inc | thesh   |
+----+---------+---------+---------+---------+---------+
|   1|   0.9965|   0.9703|  0.69982|  0.69982| -0.78903|
+----+---------+---------+---------+---------+---------+
|   2| 0.995125|    0.962| 0.750413|0.0505931| -1.21315|
+----+---------+---------+---------+---------+---------+
|   3| 0.995062|   0.9582| 0.786925|0.0365125| -1.63833|
+----+---------+---------+---------+---------+---------+
|   4| 0.995062|   0.9438| 0.811994|0.0250684| -1.75264|
+----+---------+---------+---------+---------+---------+
|   5| 0.995062|   0.9376| 0.831749|0.0197558| -2.12567|
+----+---------+---------+---------+---------+---------+
|   6| 0.995062|   0.9289| 0.848255|0.0165052| -2.09445|
+----+---------+---------+---------+---------+---------+
|   7| 0.995062|   0.9321| 0.861899|0.0136449| -2.24379|
+----+---------+---------+---------+---------+---------+
|   8| 0.995062|   0.9205| 0.873927|0.0120275| -2.32174|
+----+---------+---------+---------+---------+---------+
|   9| 0.995062|   0.9021|  0.88343|0.00950276|  -2.6114|
+----+---------+---------+---------+---------+---------+
|  10| 0.995062|   0.8922|  0.89162|0.00818989| -2.51331|
+----+---------+---------+---------+---------+---------+
|  11| 0.995062|    0.878| 0.899291|0.00767125| -2.54391|
+----+---------+---------+---------+---------+---------+
|  12| 0.995062|   0.8594| 0.906081|0.00679002| -2.74288|
+----+---------+---------+---------+---------+---------+
|  13| 0.995062|   0.8429| 0.912401|0.00632054| -2.81534|
+----+---------+---------+---------+---------+---------+
|  14| 0.995062|   0.8383| 0.918089|0.00568716| -2.66129|
+----+---------+---------+---------+---------+---------+
|  15| 0.995062|   0.8306| 0.923211|0.00512222| -2.73341|
+----+---------+---------+---------+---------+---------+
|  16| 0.995062|   0.8268| 0.927766|0.00455512| -2.59332|
+----+---------+---------+---------+---------+---------+
|  17| 0.995062|   0.8065| 0.932141|0.00437528| -2.56485|
+----+---------+---------+---------+---------+---------+
|  18| 0.995062|   0.7887| 0.936146|0.00400518| -2.61515|
+----+---------+---------+---------+---------+---------+
|  19| 0.995062|   0.7695| 0.939907|0.00376036|  -2.7412|
+----+---------+---------+---------+---------+---------+
|  20| 0.995062|   0.7588|  0.94321|0.00330304| -2.65232|
+----+---------+---------+---------+---------+---------+
|  21| 0.995062|   0.7479| 0.946353|0.00314271| -2.72389|
+----+---------+---------+---------+---------+---------+
|  22| 0.995062|   0.7332| 0.949231|0.00287824| -2.77988|
+----+---------+---------+---------+---------+---------+
|  23| 0.995062|    0.723| 0.951942|0.00271116| -2.68911|
+----+---------+---------+---------+---------+---------+
|  24| 0.995062|   0.7015|  0.95452|0.00257821| -2.69291|
+----+---------+---------+---------+---------+---------+
|  25| 0.995062|   0.6901| 0.956974|0.00245361| -2.80228|
+----+---------+---------+---------+---------+---------+
|  26| 0.995062|   0.6676| 0.959191|0.00221691|  -2.7167|
+----+---------+---------+---------+---------+---------+
|  27| 0.995062|    0.654| 0.961326|0.00213539| -2.66047|
+----+---------+---------+---------+---------+---------+
|  28| 0.995062|   0.6267| 0.963255|0.00192919| -2.56277|
+----+---------+---------+---------+---------+---------+
|  29| 0.995062|   0.6254| 0.965046|0.00179088| -2.95495|
+----+---------+---------+---------+---------+---------+
|  30| 0.995062|   0.5959| 0.966744|0.00169756| -2.77105|
+----+---------+---------+---------+---------+---------+
|  31| 0.995062|   0.5752| 0.968426|0.00168202| -2.72766|
+----+---------+---------+---------+---------+---------+
|  32| 0.995062|   0.5613| 0.969963|0.00153695| -3.03928|
+----+---------+---------+---------+---------+---------+
|  33| 0.995062|    0.537| 0.971395|0.00143208| -3.10665|
+----+---------+---------+---------+---------+---------+
|  34| 0.995062|   0.5329| 0.972788|0.00139344|  -3.1241|
+----+---------+---------+---------+---------+---------+
|  35| 0.995062|   0.5033| 0.974123|0.00133481| -3.15214|
+----+---------+---------+---------+---------+---------+
|  36| 0.995062|     0.49| 0.975393|0.00127043| -2.83042|
+----+---------+---------+---------+---------+---------+
|  37| 0.995062|   0.4798|  0.97659|0.00119612| -2.85988|
+----+---------+---------+---------+---------+---------+
|  38| 0.995062|   0.4543| 0.977715|0.00112573| -2.57223|
+----+---------+---------+---------+---------+---------+
|  39| 0.995062|   0.4352| 0.978795|0.00107953|  -2.6521|
+----+---------+---------+---------+---------+---------+
|  40| 0.995062|   0.4298| 0.979858|0.00106311| -2.69579|
+----+---------+---------+---------+---------+---------+
|  41| 0.995062|   0.4155| 0.980865|0.00100732|   -2.591|
+----+---------+---------+---------+---------+---------+
|  42| 0.995062|   0.3998| 0.981794|0.000928506| -2.62815|
+----+---------+---------+---------+---------+---------+
|  43| 0.995062|   0.4005| 0.982674|0.000880563| -2.57362|
+----+---------+---------+---------+---------+---------+
|  44| 0.995062|   0.3903| 0.983543|0.000869119| -2.43594|
+----+---------+---------+---------+---------+---------+
|  45| 0.995062|   0.3774| 0.984343|0.00079965| -2.48879|
+----+---------+---------+---------+---------+---------+
|  46| 0.995062|   0.3672| 0.985116|0.000773344|  -2.4673|
+----+---------+---------+---------+---------+---------+
|  47| 0.995062|   0.3502| 0.985846|0.000729969| -2.49505|
+----+---------+---------+---------+---------+---------+
|  48| 0.995062|   0.3427| 0.986527|0.000680369| -2.39865|
+----+---------+---------+---------+---------+---------+
|  49| 0.995062|    0.321| 0.987167|0.0006405| -2.39151|
+----+---------+---------+---------+---------+---------+
|  50| 0.995062|   0.3216| 0.987801|0.000633875| -2.68028|
+----+---------+---------+---------+---------+---------+
|  51| 0.995062|   0.3042| 0.988411|0.000610294| -2.72462|
+----+---------+---------+---------+---------+---------+
|  52| 0.995062|   0.2937| 0.988977|0.000565538| -2.43517|
+----+---------+---------+---------+---------+---------+
|  53| 0.995062|   0.2727| 0.989529|0.000552506| -2.60474|
+----+---------+---------+---------+---------+---------+
|  54| 0.995062|   0.2589| 0.990056|0.000526275| -2.48755|
+----+---------+---------+---------+---------+---------+
|  55| 0.995062|   0.2427| 0.990562|0.000506794| -2.40564|
+----+---------+---------+---------+---------+---------+
|  56| 0.995062|   0.2438| 0.991023|0.000460506| -2.52455|
+----+---------+---------+---------+---------+---------+
|  57| 0.995062|   0.2339| 0.991484|0.0004606| -2.60036|
+----+---------+---------+---------+---------+---------+
|  58| 0.995062|   0.2323|  0.99191|0.000426488|  -2.4572|
+----+---------+---------+---------+---------+---------+
|  59| 0.995062|   0.2155| 0.992332|0.000422231| -2.40347|
+----+---------+---------+---------+---------+---------+
|  60| 0.995062|   0.2097| 0.992701|0.00036895| -2.39245|
+----+---------+---------+---------+---------+---------+
===Training time: 16.2799 minutes
================= Training 7-stage ====================
current neg: 500: 5%  1.298e-06
current neg: 1000: 10%  1.26484e-06
current neg: 1500: 15%  1.23702e-06
current neg: 2000: 20%  1.25601e-06
current neg: 2500: 25%  1.26969e-06
current neg: 3000: 30%  1.27218e-06
current neg: 3500: 35%  1.26563e-06
current neg: 4000: 40%  1.26604e-06
current neg: 4500: 45%  1.27217e-06
current neg: 5000: 50%  1.26118e-06
current neg: 5500: 55%  1.26104e-06
current neg: 6000: 60%  1.26214e-06
current neg: 6500: 65%  1.26958e-06
current neg: 7000: 70%  1.25948e-06
current neg: 7500: 75%  1.26483e-06
current neg: 8000: 80%  1.26852e-06
current neg: 8500: 85%  1.27523e-06
current neg: 9000: 90%  1.27319e-06
current neg: 9500: 95%  1.27358e-06
current neg: 10000: 100%  1.27129e-06
Total Test: 7865997617
NEG count : acceptanceRatio    10000 : 1.27129e-06
Precalculation time: 1.40054 hours
+----+---------+---------+---------+---------+---------+
|  N |    HR   |    FA   |    AUC  | AUC inc | thesh   |
+----+---------+---------+---------+---------+---------+
|   1|  0.99575|   0.9701| 0.692358| 0.692358|-0.824561|
+----+---------+---------+---------+---------+---------+
|   2| 0.995188|    0.954| 0.743092|0.0507333| -1.51991|
+----+---------+---------+---------+---------+---------+
|   3| 0.995062|   0.9548| 0.776312|0.0332206| -1.83702|
+----+---------+---------+---------+---------+---------+
|   4| 0.995062|   0.9476| 0.800299|0.0239868| -2.03438|
+----+---------+---------+---------+---------+---------+
|   5| 0.995062|   0.9466| 0.819192|0.0188932| -1.96069|
+----+---------+---------+---------+---------+---------+
|   6| 0.995062|   0.9389| 0.834767|0.0155753| -2.11709|
+----+---------+---------+---------+---------+---------+
|   7| 0.995062|   0.9349| 0.848381|0.0136139| -2.23201|
+----+---------+---------+---------+---------+---------+
|   8| 0.995062|   0.9234| 0.860127|0.0117455|  -2.1853|
+----+---------+---------+---------+---------+---------+
|   9| 0.995062|   0.9118| 0.870803|0.0106762| -2.45082|
+----+---------+---------+---------+---------+---------+
|  10| 0.995062|   0.9077| 0.879318|0.00851464| -2.61556|
+----+---------+---------+---------+---------+---------+
|  11| 0.995062|   0.9002| 0.886873|0.00755519| -2.46148|
+----+---------+---------+---------+---------+---------+
|  12| 0.995062|   0.8793| 0.893992|0.00711865| -2.52823|
+----+---------+---------+---------+---------+---------+
|  13| 0.995062|   0.8748| 0.900557|0.00656581| -2.54021|
+----+---------+---------+---------+---------+---------+
|  14| 0.995062|     0.87| 0.906603|0.00604587| -2.59395|
+----+---------+---------+---------+---------+---------+
|  15| 0.995062|   0.8551| 0.912018|0.00541449| -2.81495|
+----+---------+---------+---------+---------+---------+
|  16| 0.995062|   0.8402| 0.917155|0.00513739| -2.66716|
+----+---------+---------+---------+---------+---------+
|  17| 0.995062|   0.8289| 0.921861|0.00470639| -2.79195|
+----+---------+---------+---------+---------+---------+
|  18| 0.995062|   0.8264| 0.926077|0.00421539| -2.90333|
+----+---------+---------+---------+---------+---------+
|  19| 0.995062|   0.8029| 0.930134|0.00405705| -2.81649|
+----+---------+---------+---------+---------+---------+
|  20| 0.995062|    0.804| 0.933792|0.00365788| -2.86353|
+----+---------+---------+---------+---------+---------+
|  21| 0.995062|   0.8014| 0.937241|0.00344886| -3.02123|
+----+---------+---------+---------+---------+---------+
|  22| 0.995062|   0.7825| 0.940409|0.00316876|  -2.8916|
+----+---------+---------+---------+---------+---------+
|  23| 0.995062|   0.7661| 0.943385|0.00297554|  -3.0736|
+----+---------+---------+---------+---------+---------+
|  24| 0.995062|   0.7495| 0.946279|0.00289389| -3.12753|
+----+---------+---------+---------+---------+---------+
|  25| 0.995062|   0.7355| 0.948922|0.00264282| -3.20745|
+----+---------+---------+---------+---------+---------+
|  26| 0.995062|   0.7059| 0.951316|0.00239429| -3.12942|
+----+---------+---------+---------+---------+---------+
|  27| 0.995062|   0.6896| 0.953531|0.00221544| -3.07386|
+----+---------+---------+---------+---------+---------+
|  28| 0.995062|    0.678| 0.955664|0.00213271| -3.15726|
+----+---------+---------+---------+---------+---------+
|  29| 0.995062|   0.6838|  0.95777|0.00210612| -2.71205|
+----+---------+---------+---------+---------+---------+
|  30| 0.995062|   0.6555|  0.95981|0.00203996| -3.07792|
+----+---------+---------+---------+---------+---------+
|  31| 0.995062|   0.6441| 0.961794|0.00198394| -3.13153|
+----+---------+---------+---------+---------+---------+
|  32| 0.995062|   0.6336| 0.963556|0.00176161|  -3.2308|
+----+---------+---------+---------+---------+---------+
|  33| 0.995062|   0.6233|  0.96523|0.00167426| -2.87831|
+----+---------+---------+---------+---------+---------+
|  34| 0.995062|   0.6023| 0.966787|0.00155731| -2.99466|
+----+---------+---------+---------+---------+---------+
|  35| 0.995062|   0.5924| 0.968288|0.00150103| -2.68787|
+----+---------+---------+---------+---------+---------+
|  36| 0.995062|   0.5731| 0.969738|0.00144959| -2.84906|
+----+---------+---------+---------+---------+---------+
|  37| 0.995062|   0.5475| 0.971145|0.00140707| -2.79685|
+----+---------+---------+---------+---------+---------+
|  38| 0.995062|   0.5346| 0.972405|0.00126024| -2.71334|
+----+---------+---------+---------+---------+---------+
|  39| 0.995062|    0.524|  0.97363|0.00122448|  -2.6952|
+----+---------+---------+---------+---------+---------+
|  40| 0.995062|   0.5008| 0.974816|0.00118609| -2.71355|
+----+---------+---------+---------+---------+---------+
|  41| 0.995062|   0.4911| 0.975947|0.00113106| -2.86777|
+----+---------+---------+---------+---------+---------+
|  42| 0.995062|   0.4816| 0.977025|0.00107774|  -2.7929|
+----+---------+---------+---------+---------+---------+
|  43| 0.995062|   0.4711| 0.978032|0.00100736|  -2.7341|
+----+---------+---------+---------+---------+---------+
|  44| 0.995062|   0.4528| 0.979023|0.000990769| -2.92879|
+----+---------+---------+---------+---------+---------+
|  45| 0.995062|   0.4509| 0.979967|0.000943925| -3.14054|
+----+---------+---------+---------+---------+---------+
|  46| 0.995062|   0.4405| 0.980866|0.000899756| -2.99877|
+----+---------+---------+---------+---------+---------+
|  47| 0.995062|   0.4262| 0.981767|0.000900594| -2.62715|
+----+---------+---------+---------+---------+---------+
|  48| 0.995062|    0.386| 0.982592|0.000825262| -2.57058|
+----+---------+---------+---------+---------+---------+
|  49| 0.995062|   0.3805| 0.983388|0.000796125| -2.65706|
+----+---------+---------+---------+---------+---------+
|  50| 0.995062|   0.3807| 0.984158|0.000769725| -2.84807|
+----+---------+---------+---------+---------+---------+
|  51| 0.995062|   0.3603| 0.984864|0.000705856| -2.73458|
+----+---------+---------+---------+---------+---------+
|  52| 0.995062|   0.3595| 0.985564|0.00070015| -2.73426|
+----+---------+---------+---------+---------+---------+
|  53| 0.995062|   0.3414| 0.986258|0.000693419| -2.87576|
+----+---------+---------+---------+---------+---------+
|  54| 0.995062|   0.3286| 0.986889|0.000631863| -2.81796|
+----+---------+---------+---------+---------+---------+
|  55| 0.995062|   0.3201| 0.987468|0.000579062| -2.94077|
+----+---------+---------+---------+---------+---------+
|  56| 0.995062|   0.2996| 0.988029|0.000560488|   -2.934|
+----+---------+---------+---------+---------+---------+
|  57| 0.995062|   0.3003| 0.988582|0.000552581| -2.84828|
+----+---------+---------+---------+---------+---------+
|  58| 0.995062|   0.2826| 0.989097|0.000515594|  -2.9136|
+----+---------+---------+---------+---------+---------+
|  59| 0.995062|   0.2838| 0.989595|0.000498194| -2.92792|
+----+---------+---------+---------+---------+---------+
|  60| 0.995062|   0.2653| 0.990089|0.00049385| -2.83536|
+----+---------+---------+---------+---------+---------+
===Training time: 17.4061 minutes
================= Training 8-stage ====================
current neg: 500: 5%  4.57191e-07
current neg: 1000: 10%  4.78022e-07
current neg: 1500: 15%  4.88059e-07
current neg: 2000: 20%  5.0012e-07
current neg: 2500: 25%  4.96894e-07
current neg: 3000: 30%  5.05312e-07
current neg: 3500: 35%  5.07659e-07
current neg: 4000: 40%  5.10159e-07
current neg: 4500: 45%  5.09242e-07
current neg: 5000: 50%  5.05801e-07
current neg: 5500: 55%  5.0232e-07
current neg: 6000: 60%  5.00079e-07
current neg: 6500: 65%  4.98883e-07
current neg: 7000: 70%  4.9906e-07
current neg: 7500: 75%  4.99192e-07
current neg: 8000: 80%  4.98928e-07
current neg: 8500: 85%  4.99848e-07
current neg: 9000: 90%  4.99043e-07
current neg: 9500: 95%  4.99352e-07
current neg: 10000: 100%  4.99774e-07
Total Test: 20009027355
NEG count : acceptanceRatio    10000 : 4.99774e-07
Precalculation time: 3.63461 hours
+----+---------+---------+---------+---------+---------+
|  N |    HR   |    FA   |    AUC  | AUC inc | thesh   |
+----+---------+---------+---------+---------+---------+
|   1| 0.996125|   0.9796|  0.67748|  0.67748|-0.614243|
+----+---------+---------+---------+---------+---------+
|   2| 0.995062|    0.976| 0.727786|0.0503054|-0.980828|
+----+---------+---------+---------+---------+---------+
|   3| 0.995062|   0.9632| 0.762299|0.0345132| -1.53485|
+----+---------+---------+---------+---------+---------+
|   4| 0.995062|   0.9526| 0.787796|0.0254968| -1.57649|
+----+---------+---------+---------+---------+---------+
|   5| 0.995062|   0.9445| 0.807653|0.0198577| -1.76338|
+----+---------+---------+---------+---------+---------+
|   6| 0.995062|    0.939| 0.823792|0.0161392| -1.86542|
+----+---------+---------+---------+---------+---------+
|   7| 0.995062|   0.9338|  0.83763|0.0138375| -2.04171|
+----+---------+---------+---------+---------+---------+
|   8| 0.995062|   0.9223| 0.848929|0.0112994| -2.15794|
+----+---------+---------+---------+---------+---------+
|   9| 0.995062|   0.9174| 0.859023|0.0100933| -2.35373|
+----+---------+---------+---------+---------+---------+
|  10| 0.995062|   0.9091| 0.867716|0.00869292| -2.39026|
+----+---------+---------+---------+---------+---------+
|  11| 0.995062|   0.9003| 0.875862|0.00814629| -2.44278|
+----+---------+---------+---------+---------+---------+
|  12| 0.995062|   0.8891|  0.88336|0.00749786| -2.48593|
+----+---------+---------+---------+---------+---------+
|  13| 0.995062|   0.8779| 0.890265|0.00690562| -2.65924|
+----+---------+---------+---------+---------+---------+
|  14| 0.995062|   0.8705| 0.896457|0.00619116|  -2.8484|
+----+---------+---------+---------+---------+---------+
|  15| 0.995062|   0.8603| 0.902199|0.00574222| -2.85238|
+----+---------+---------+---------+---------+---------+
|  16| 0.995062|   0.8504| 0.907386|0.00518723| -2.64778|
+----+---------+---------+---------+---------+---------+
|  17| 0.995062|   0.8538| 0.912318|0.00493179| -2.61641|
+----+---------+---------+---------+---------+---------+
|  18| 0.995062|   0.8484| 0.916849|0.00453075| -2.66276|
+----+---------+---------+---------+---------+---------+
|  19| 0.995062|   0.8412| 0.921143|0.00429467| -2.91754|
+----+---------+---------+---------+---------+---------+
|  20| 0.995062|   0.8211| 0.925181|0.00403771| -2.70157|
+----+---------+---------+---------+---------+---------+
|  21| 0.995062|    0.807|  0.92872|0.00353862| -2.67061|
+----+---------+---------+---------+---------+---------+
|  22| 0.995062|    0.816| 0.932125|0.00340517| -2.52819|
+----+---------+---------+---------+---------+---------+
|  23| 0.995062|    0.796| 0.935431|0.00330664| -2.66849|
+----+---------+---------+---------+---------+---------+
|  24| 0.995062|   0.7899| 0.938587|0.00315536| -2.67125|
+----+---------+---------+---------+---------+---------+
|  25| 0.995062|   0.7942| 0.941505|0.00291837|  -2.7124|
+----+---------+---------+---------+---------+---------+
|  26| 0.995062|   0.7681| 0.944157|0.0026517| -2.91882|
+----+---------+---------+---------+---------+---------+
|  27| 0.995062|   0.7635| 0.946688|0.00253162| -2.71691|
+----+---------+---------+---------+---------+---------+
|  28| 0.995062|   0.7467| 0.949126|0.00243715| -2.74809|
+----+---------+---------+---------+---------+---------+
|  29| 0.995062|   0.7315| 0.951441|0.00231567| -2.80541|
+----+---------+---------+---------+---------+---------+
|  30| 0.995062|   0.7217| 0.953594|0.00215274| -2.86719|
+----+---------+---------+---------+---------+---------+
|  31| 0.995062|   0.7304| 0.955602|0.00200772| -2.84243|
+----+---------+---------+---------+---------+---------+
|  32| 0.995062|   0.6954| 0.957468|0.00186641| -2.92042|
+----+---------+---------+---------+---------+---------+
|  33| 0.995062|   0.6853| 0.959273|0.00180473| -3.24385|
+----+---------+---------+---------+---------+---------+
|  34| 0.995062|   0.6675| 0.961021|0.00174776| -2.91329|
+----+---------+---------+---------+---------+---------+
|  35| 0.995062|   0.6715| 0.962681|0.00166026|  -2.8938|
+----+---------+---------+---------+---------+---------+
|  36| 0.995062|   0.6394| 0.964342|0.00166147| -2.86357|
+----+---------+---------+---------+---------+---------+
|  37| 0.995062|   0.6311| 0.965817|0.00147429| -2.87492|
+----+---------+---------+---------+---------+---------+
|  38| 0.995062|    0.604| 0.967229|0.00141287| -2.83249|
+----+---------+---------+---------+---------+---------+
|  39| 0.995062|   0.5992| 0.968534|0.00130467| -2.86005|
+----+---------+---------+---------+---------+---------+
|  40| 0.995062|   0.5832| 0.969829|0.00129457| -2.88961|
+----+---------+---------+---------+---------+---------+
|  41| 0.995062|   0.5664| 0.971025|0.00119633| -2.99558|
+----+---------+---------+---------+---------+---------+
|  42| 0.995062|    0.547| 0.972199|0.00117349| -3.00497|
+----+---------+---------+---------+---------+---------+
|  43| 0.995062|   0.5367|  0.97335|0.00115152| -2.86804|
+----+---------+---------+---------+---------+---------+
|  44| 0.995062|   0.5437| 0.974472|0.00112187| -2.83288|
+----+---------+---------+---------+---------+---------+
|  45| 0.995062|   0.5245| 0.975555|0.00108303| -3.08695|
+----+---------+---------+---------+---------+---------+
|  46| 0.995062|   0.5134| 0.976547|0.000991894| -3.23992|
+----+---------+---------+---------+---------+---------+
|  47| 0.995062|   0.5007| 0.977537|0.000990144| -3.11726|
+----+---------+---------+---------+---------+---------+
|  48| 0.995062|   0.4864| 0.978443|0.000906231| -3.10006|
+----+---------+---------+---------+---------+---------+
|  49| 0.995062|   0.4679| 0.979318|0.0008743| -2.88629|
+----+---------+---------+---------+---------+---------+
|  50| 0.995062|   0.4552| 0.980176|0.000858725| -2.63797|
+----+---------+---------+---------+---------+---------+
|  51| 0.995062|   0.4499| 0.980971|0.000794381|  -2.5679|
+----+---------+---------+---------+---------+---------+
|  52| 0.995062|   0.4295| 0.981761|0.000790581| -2.32311|
+----+---------+---------+---------+---------+---------+
|  53| 0.995062|   0.4247| 0.982546|0.00078455| -2.39844|
+----+---------+---------+---------+---------+---------+
|  54| 0.995062|   0.4032| 0.983277|0.0007312| -2.49051|
+----+---------+---------+---------+---------+---------+
|  55| 0.995062|   0.3893| 0.983981| 0.000704|  -2.4568|
+----+---------+---------+---------+---------+---------+
|  56| 0.995062|   0.3669| 0.984656|0.000675338| -2.55566|
+----+---------+---------+---------+---------+---------+
|  57| 0.995062|   0.3564| 0.985298|0.000641256| -2.36094|
+----+---------+---------+---------+---------+---------+
|  58| 0.995062|   0.3473|  0.98592|0.0006227|  -2.4444|
+----+---------+---------+---------+---------+---------+
|  59| 0.995062|   0.3314|  0.98658|0.000659913| -2.48862|
+----+---------+---------+---------+---------+---------+
|  60| 0.995062|   0.3173| 0.987158|0.000578025| -2.59803|
+----+---------+---------+---------+---------+---------+
===Training time: 18.4586 minutes
================= Training 9-stage ====================
current neg: 500: 5%  2.06721e-07
current neg: 1000: 10%  2.23809e-07
current neg: 1500: 15%  2.3036e-07
current neg: 2000: 20%  2.3348e-07
current neg: 2500: 25%  2.29098e-07
current neg: 3000: 30%  2.22169e-07
current neg: 3500: 35%  2.21641e-07
current neg: 4000: 40%  2.19577e-07
current neg: 4500: 45%  2.20289e-07
current neg: 5000: 50%  2.1834e-07
current neg: 5500: 55%  2.18932e-07
current neg: 6000: 60%  2.20275e-07
current neg: 6500: 65%  2.21973e-07
current neg: 7000: 70%  2.22175e-07
current neg: 7500: 75%  2.22515e-07
current neg: 8000: 80%  2.23478e-07
current neg: 8500: 85%  2.24243e-07
current neg: 9000: 90%  2.25065e-07
current neg: 9500: 95%  2.25062e-07
current neg: 10000: 100%  2.23727e-07
Total Test: 44697341291
NEG count : acceptanceRatio    10000 : 2.23727e-07
Precalculation time: 7.34965 hours
+----+---------+---------+---------+---------+---------+
|  N |    HR   |    FA   |    AUC  | AUC inc | thesh   |
+----+---------+---------+---------+---------+---------+
|   1| 0.995625|   0.9747| 0.660869| 0.660869| -0.84127|
+----+---------+---------+---------+---------+---------+
|   2| 0.995062|    0.966|  0.71518|0.0543112| -1.12058|
+----+---------+---------+---------+---------+---------+
|   3| 0.995062|   0.9551|  0.75099|  0.03581| -1.45523|
+----+---------+---------+---------+---------+---------+
|   4| 0.995062|   0.9524| 0.777152|0.0261617| -1.66699|
+----+---------+---------+---------+---------+---------+
|   5| 0.995062|   0.9321| 0.798135|0.0209828| -1.97645|
+----+---------+---------+---------+---------+---------+
|   6| 0.995062|   0.9361| 0.816018|0.0178828| -2.08199|
+----+---------+---------+---------+---------+---------+
|   7| 0.995062|   0.9344| 0.830643|0.0146247| -2.23924|
+----+---------+---------+---------+---------+---------+
|   8| 0.995062|   0.9238| 0.843841|0.0131986| -2.30657|
+----+---------+---------+---------+---------+---------+
|   9| 0.995062|   0.9179| 0.855076|0.0112353| -2.27439|
+----+---------+---------+---------+---------+---------+
|  10| 0.995062|   0.9125| 0.864832|0.00975598| -2.66751|
+----+---------+---------+---------+---------+---------+
|  11| 0.995062|   0.9058| 0.873605|0.00877272| -2.67098|
+----+---------+---------+---------+---------+---------+
|  12| 0.995062|   0.8948| 0.881421|0.00781549| -2.83381|
+----+---------+---------+---------+---------+---------+
|  13| 0.995062|   0.8921| 0.888478|0.00705714| -2.85863|
+----+---------+---------+---------+---------+---------+
|  14| 0.995062|   0.8773| 0.894879|0.00640144| -2.78603|
+----+---------+---------+---------+---------+---------+
|  15| 0.995062|   0.8806| 0.901003|0.00612434|  -2.8986|
+----+---------+---------+---------+---------+---------+
|  16| 0.995062|   0.8607| 0.906446|0.00544274| -3.43741|
+----+---------+---------+---------+---------+---------+
|  17| 0.995062|   0.8536| 0.911539|0.00509232| -3.29166|
+----+---------+---------+---------+---------+---------+
|  18| 0.995062|   0.8376|  0.91623|0.00469168| -2.86553|
+----+---------+---------+---------+---------+---------+
|  19| 0.995062|    0.827| 0.920964|0.00473347| -2.84898|
+----+---------+---------+---------+---------+---------+
|  20| 0.995062|   0.8256|  0.92515|0.00418621| -3.11677|
+----+---------+---------+---------+---------+---------+
|  21| 0.995062|   0.8299| 0.928881|0.00373147| -2.86171|
+----+---------+---------+---------+---------+---------+
|  22| 0.995062|    0.803| 0.932533|0.0036514| -3.01674|
+----+---------+---------+---------+---------+---------+
|  23| 0.995062|   0.7973| 0.935844|0.00331072| -2.93332|
+----+---------+---------+---------+---------+---------+
|  24| 0.995062|   0.7792| 0.939094|0.00325058|  -3.0149|
+----+---------+---------+---------+---------+---------+
|  25| 0.995062|   0.7762| 0.942035|0.00294079| -3.02401|
+----+---------+---------+---------+---------+---------+
|  26| 0.995062|   0.7643| 0.944793|0.00275773| -3.01759|
+----+---------+---------+---------+---------+---------+
|  27| 0.995062|   0.7537| 0.947355|0.00256226| -3.04019|
+----+---------+---------+---------+---------+---------+
|  28| 0.995062|   0.7546| 0.949718|0.00236359|  -3.0763|
+----+---------+---------+---------+---------+---------+
|  29| 0.995062|   0.7564| 0.951991| 0.002273| -3.09461|
+----+---------+---------+---------+---------+---------+
|  30| 0.995062|   0.7423| 0.954076|0.00208412|  -3.0232|
+----+---------+---------+---------+---------+---------+
|  31| 0.995062|   0.7369| 0.956104|0.00202848| -2.98552|
+----+---------+---------+---------+---------+---------+
|  32| 0.995062|   0.7192| 0.958056|0.00195238| -3.12944|
+----+---------+---------+---------+---------+---------+
|  33| 0.995062|   0.6952| 0.959877|0.00182058| -3.22871|
+----+---------+---------+---------+---------+---------+
|  34| 0.995062|   0.7064| 0.961667|0.00178978| -3.12601|
+----+---------+---------+---------+---------+---------+
|  35| 0.995062|   0.6954| 0.963313|0.00164582| -3.06118|
+----+---------+---------+---------+---------+---------+
|  36| 0.995062|   0.6613| 0.964908|0.00159559| -3.11186|
+----+---------+---------+---------+---------+---------+
|  37| 0.995062|   0.6462| 0.966427|0.0015183| -3.09469|
+----+---------+---------+---------+---------+---------+
|  38| 0.995062|   0.6133| 0.967847|0.00142048| -2.97344|
+----+---------+---------+---------+---------+---------+
|  39| 0.995062|    0.615| 0.969269|0.00142186| -3.04056|
+----+---------+---------+---------+---------+---------+
|  40| 0.995062|   0.5837| 0.970563|0.00129461| -3.11719|
+----+---------+---------+---------+---------+---------+
|  41| 0.995062|   0.5864| 0.971838|0.00127456| -3.01893|
+----+---------+---------+---------+---------+---------+
|  42| 0.995062|   0.5611| 0.973045|0.00120739| -3.04482|
+----+---------+---------+---------+---------+---------+
|  43| 0.995062|    0.553| 0.974275|0.00122941| -2.71573|
+----+---------+---------+---------+---------+---------+
|  44| 0.995062|    0.553| 0.975353|0.00107866| -2.80862|
+----+---------+---------+---------+---------+---------+
|  45| 0.995062|   0.5445| 0.976386|0.00103267| -2.86731|
+----+---------+---------+---------+---------+---------+
|  46| 0.995062|   0.5472|  0.97741|0.00102365| -2.57279|
+----+---------+---------+---------+---------+---------+
|  47| 0.995062|   0.5307| 0.978399|0.000988856| -2.57772|
+----+---------+---------+---------+---------+---------+
|  48| 0.995062|   0.5144| 0.979369|0.000970319| -2.66278|
+----+---------+---------+---------+---------+---------+
|  49| 0.995062|    0.492| 0.980294|0.000925325| -2.88994|
+----+---------+---------+---------+---------+---------+
|  50| 0.995062|   0.4755| 0.981188|0.000893313| -2.95638|
+----+---------+---------+---------+---------+---------+
|  51| 0.995062|   0.4627| 0.982059|0.000871844| -3.04975|
+----+---------+---------+---------+---------+---------+
|  52| 0.995062|   0.4302| 0.982881|0.000821219| -3.01309|
+----+---------+---------+---------+---------+---------+
|  53| 0.995062|   0.4094| 0.983654|0.00077365| -3.04637|
+----+---------+---------+---------+---------+---------+
|  54| 0.995062|   0.3883| 0.984418|0.000764044| -3.05909|
+----+---------+---------+---------+---------+---------+
|  55| 0.995062|   0.3887| 0.985142|0.0007235| -2.83816|
+----+---------+---------+---------+---------+---------+
|  56| 0.995062|   0.3758| 0.985896|0.000754169|  -2.7533|
+----+---------+---------+---------+---------+---------+
|  57| 0.995062|   0.3723| 0.986565|0.000668619| -2.69078|
+----+---------+---------+---------+---------+---------+
|  58| 0.995062|   0.3444| 0.987198|0.000633256| -2.34508|
+----+---------+---------+---------+---------+---------+
|  59| 0.995062|   0.3133| 0.987783|0.000585206| -2.42213|
+----+---------+---------+---------+---------+---------+
|  60| 0.995062|   0.3075| 0.988361|0.000578206|  -2.4568|
+----+---------+---------+---------+---------+---------+
===Training time: 16.4224 minutes
================= Training 10-stage ====================
current neg: 500: 5%  1.28799e-07
current neg: 1000: 10%  1.24874e-07
current neg: 1500: 15%  1.21251e-07
current neg: 2000: 20%  1.24857e-07
current neg: 2500: 25%  1.23928e-07
current neg: 3000: 30%  1.249e-07
current neg: 3500: 35%  1.2508e-07
current neg: 4000: 40%  1.24227e-07
current neg: 4500: 45%  1.23324e-07
current neg: 5000: 50%  1.23308e-07
current neg: 5500: 55%  1.2365e-07
current neg: 6000: 60%  1.23376e-07
current neg: 6500: 65%  1.23109e-07
current neg: 7000: 70%  1.2204e-07
current neg: 7500: 75%  1.22427e-07
current neg: 8000: 80%  1.22797e-07
current neg: 8500: 85%  1.23037e-07
current neg: 9000: 90%  1.23824e-07
current neg: 9500: 95%  1.2439e-07
current neg: 10000: 100%  1.239e-07
Total Test: 80710052879
NEG count : acceptanceRatio    10000 : 1.239e-07
Precalculation time: 14.493 hours
+----+---------+---------+---------+---------+---------+
|  N |    HR   |    FA   |    AUC  | AUC inc | thesh   |
+----+---------+---------+---------+---------+---------+
|   1| 0.996625|   0.9725| 0.659598| 0.659598|-0.701493|
+----+---------+---------+---------+---------+---------+
|   2| 0.995062|   0.9644| 0.718624|0.0590258| -1.29222|
+----+---------+---------+---------+---------+---------+
|   3| 0.995062|   0.9652| 0.751822| 0.033198| -1.53238|
+----+---------+---------+---------+---------+---------+
|   4| 0.995062|   0.9556| 0.778417|0.0265948| -2.09199|
+----+---------+---------+---------+---------+---------+
|   5| 0.995062|   0.9431| 0.800212|0.0217955| -1.80638|
+----+---------+---------+---------+---------+---------+
|   6| 0.995062|   0.9328| 0.817374|0.0171622| -2.24281|
+----+---------+---------+---------+---------+---------+
|   7| 0.995062|   0.9333| 0.832252|0.0148778| -2.22512|
+----+---------+---------+---------+---------+---------+
|   8| 0.995062|   0.9222| 0.845295|0.0130432| -2.38686|
+----+---------+---------+---------+---------+---------+
|   9| 0.995062|   0.9219| 0.856806|0.0115102| -2.81644|
+----+---------+---------+---------+---------+---------+
|  10| 0.995062|   0.9127| 0.867507|0.0107012| -2.52702|
+----+---------+---------+---------+---------+---------+
|  11| 0.995062|   0.9159| 0.876627|0.00912028| -2.43394|
+----+---------+---------+---------+---------+---------+
|  12| 0.995062|   0.9031| 0.884977|0.00834939| -2.53303|
+----+---------+---------+---------+---------+---------+
|  13| 0.995062|    0.899| 0.893073|0.00809681|  -2.6411|
+----+---------+---------+---------+---------+---------+
|  14| 0.995062|   0.8826| 0.899801|0.00672717| -2.59903|
+----+---------+---------+---------+---------+---------+
|  15| 0.995062|   0.8691| 0.905997|0.00619614| -2.77227|
+----+---------+---------+---------+---------+---------+
|  16| 0.995062|   0.8671| 0.911855|0.00585811| -2.74309|
+----+---------+---------+---------+---------+---------+
|  17| 0.995062|   0.8688| 0.916986|0.00513155| -2.74515|
+----+---------+---------+---------+---------+---------+
|  18| 0.995062|   0.8508| 0.921653|0.00466632| -2.68911|
+----+---------+---------+---------+---------+---------+
|  19| 0.995062|   0.8401| 0.926424|0.00477113| -2.79715|
+----+---------+---------+---------+---------+---------+
|  20| 0.995062|   0.8251| 0.930556|0.00413253| -2.82803|
+----+---------+---------+---------+---------+---------+
|  21| 0.995062|   0.8143| 0.934512|0.00395596| -2.83116|
+----+---------+---------+---------+---------+---------+
|  22| 0.995062|   0.8111|  0.93818|0.00366787| -2.68736|
+----+---------+---------+---------+---------+---------+
|  23| 0.995062|   0.8095| 0.941599|0.00341929| -2.67688|
+----+---------+---------+---------+---------+---------+
|  24| 0.995062|      0.8| 0.944836|0.00323636| -2.69184|
+----+---------+---------+---------+---------+---------+
|  25| 0.995062|   0.7844| 0.947897|0.00306115| -2.63577|
+----+---------+---------+---------+---------+---------+
|  26| 0.995062|   0.7633| 0.950866|0.00296864| -2.45093|
+----+---------+---------+---------+---------+---------+
|  27| 0.995062|   0.7492| 0.953597|0.00273185| -2.60919|
+----+---------+---------+---------+---------+---------+
|  28| 0.995062|   0.7432| 0.956185|0.00258808| -2.73427|
+----+---------+---------+---------+---------+---------+
|  29| 0.995062|   0.7325| 0.958494|0.00230876| -2.88121|
+----+---------+---------+---------+---------+---------+
|  30| 0.995062|   0.7221| 0.960718|0.00222355| -2.82037|
+----+---------+---------+---------+---------+---------+
|  31| 0.995062|   0.7209| 0.962878|0.00215981| -2.50867|
+----+---------+---------+---------+---------+---------+
|  32| 0.995062|   0.7113| 0.964856|0.0019786| -2.61478|
+----+---------+---------+---------+---------+---------+
|  33| 0.995062|   0.6998| 0.966737|0.00188062| -2.56164|
+----+---------+---------+---------+---------+---------+
|  34| 0.995062|   0.6639| 0.968498|0.00176154| -2.50536|
+----+---------+---------+---------+---------+---------+
|  35| 0.995062|   0.6681| 0.970207|0.00170863| -2.51184|
+----+---------+---------+---------+---------+---------+
|  36| 0.995062|   0.6606| 0.971788|0.00158126| -2.47465|
+----+---------+---------+---------+---------+---------+
|  37| 0.995062|    0.619| 0.973368|0.00157982| -2.44853|
+----+---------+---------+---------+---------+---------+
|  38| 0.995062|   0.6061| 0.974839|0.00147119|  -2.5715|
+----+---------+---------+---------+---------+---------+
|  39| 0.995062|    0.579| 0.976259|0.00141979| -2.32184|
+----+---------+---------+---------+---------+---------+
|  40| 0.995062|   0.5811| 0.977548|0.00128924| -2.29889|
+----+---------+---------+---------+---------+---------+
|  41| 0.995062|   0.5651| 0.978771|0.00122269|  -2.4124|
+----+---------+---------+---------+---------+---------+
|  42| 0.995062|    0.545| 0.980069|0.00129838| -2.36775|
+----+---------+---------+---------+---------+---------+
|  43| 0.995062|   0.5344| 0.981209|0.00114011| -2.55216|
+----+---------+---------+---------+---------+---------+
|  44| 0.995062|   0.4991| 0.982288|0.00107844| -2.38493|
+----+---------+---------+---------+---------+---------+
|  45| 0.995062|   0.4932| 0.983309|0.00102129| -2.37057|
+----+---------+---------+---------+---------+---------+
|  46| 0.995062|   0.4694| 0.984313|0.00100356| -2.42579|
+----+---------+---------+---------+---------+---------+
|  47| 0.995062|   0.4606| 0.985243|0.000930056| -2.47023|
+----+---------+---------+---------+---------+---------+
|  48| 0.995062|   0.4392| 0.986106|0.000862825|  -2.8691|
+----+---------+---------+---------+---------+---------+
|  49| 0.995062|   0.4267| 0.986923|0.000817694| -2.84642|
+----+---------+---------+---------+---------+---------+
|  50| 0.995062|   0.3828| 0.987724|0.000800669| -2.85571|
+----+---------+---------+---------+---------+---------+
|  51| 0.995062|   0.3554| 0.988468|0.000743875| -3.06647|
+----+---------+---------+---------+---------+---------+
|  52| 0.995062|   0.3501| 0.989168|0.000700406| -3.14448|
+----+---------+---------+---------+---------+---------+
|  53| 0.995062|   0.3394| 0.989879|0.000710594| -3.16443|
+----+---------+---------+---------+---------+---------+
|  54| 0.995062|   0.3177| 0.990505|0.000626544| -2.70768|
+----+---------+---------+---------+---------+---------+
|  55| 0.995062|   0.2997| 0.991144|0.000638437| -2.40817|
+----+---------+---------+---------+---------+---------+
|  56| 0.995062|   0.2613| 0.991714|0.000570363|  -2.6574|
+----+---------+---------+---------+---------+---------+
|  57| 0.995062|   0.2647| 0.992241|0.000527131| -2.70628|
+----+---------+---------+---------+---------+---------+
|  58| 0.995062|   0.2474| 0.992783|0.000541606| -2.05948|
+----+---------+---------+---------+---------+---------+
|  59| 0.995062|   0.2339| 0.993239|0.000456137| -2.33122|
+----+---------+---------+---------+---------+---------+
|  60| 0.995062|   0.2135| 0.993666|0.0004266| -2.46296|
+----+---------+---------+---------+---------+---------+
===Training time: 21.0935 minutes
================= Training 11-stage ====================
current neg: 500: 5%  4.6623e-08
Negative training dataset for temp stage can not be filled. Branch training terminated.
